This file contains any messages produced by compilers while
running configure, to aid debugging if configure makes a mistake.

It was created by configure, which was
generated by GNU Autoconf 2.59.  Invocation command line was

  $ ./configure 

## --------- ##
## Platform. ##
## --------- ##

hostname = esil231.utenze.bankit.it
uname -m = x86_64
uname -r = 2.6.31.12-174.2.3.fc12.x86_64
uname -s = Linux
uname -v = #1 SMP Mon Jan 18 19:52:07 UTC 2010

/usr/bin/uname -p = unknown
/bin/uname -X     = unknown

/bin/arch              = x86_64
/usr/bin/arch -k       = unknown
/usr/convex/getsysinfo = unknown
hostinfo               = unknown
/bin/machine           = unknown
/usr/bin/oslevel       = unknown
/bin/universe          = unknown

PATH: /usr/lib64/qt-3.3/bin
PATH: /usr/kerberos/sbin
PATH: /usr/kerberos/bin
PATH: /usr/lib64/ccache
PATH: /usr/local/bin
PATH: /bin
PATH: /usr/bin
PATH: /usr/local/sbin
PATH: /usr/sbin
PATH: /sbin
PATH: /sbin
PATH: /usr/sbin
PATH: /home/machbuild/bin
PATH: /home/machbuild/rpmtools
PATH: /usr/kerberos/sbin


## ----------- ##
## Core tests. ##
## ----------- ##

configure:1376: checking for gcc
configure:1392: found /usr/lib64/ccache/gcc
configure:1402: result: gcc
configure:1646: checking for C compiler version
configure:1649: gcc --version </dev/null >&5
gcc (GCC) 4.4.4 20100630 (Red Hat 4.4.4-10)
Copyright (C) 2010 Free Software Foundation, Inc.
This is free software; see the source for copying conditions.  There is NO
warranty; not even for MERCHANTABILITY or FITNESS FOR A PARTICULAR PURPOSE.

configure:1652: $? = 0
configure:1654: gcc -v </dev/null >&5
Using built-in specs.
Target: x86_64-redhat-linux
Configured with: ../configure --prefix=/usr --mandir=/usr/share/man --infodir=/usr/share/info --with-bugurl=http://bugzilla.redhat.com/bugzilla --enable-bootstrap --enable-shared --enable-threads=posix --enable-checking=release --with-system-zlib --enable-__cxa_atexit --disable-libunwind-exceptions --enable-gnu-unique-object --enable-languages=c,c++,objc,obj-c++,java,fortran,ada --enable-java-awt=gtk --disable-dssi --enable-plugin --with-java-home=/usr/lib/jvm/java-1.5.0-gcj-1.5.0.0/jre --enable-libgcj-multifile --enable-java-maintainer-mode --with-ecj-jar=/usr/share/java/eclipse-ecj.jar --disable-libjava-multilib --with-ppl --with-cloog --with-tune=generic --with-arch_32=i686 --build=x86_64-redhat-linux
Thread model: posix
gcc version 4.4.4 20100630 (Red Hat 4.4.4-10) (GCC) 
configure:1657: $? = 0
configure:1659: gcc -V </dev/null >&5
gcc: '-V' option must have argument
configure:1662: $? = 1
configure:1685: checking for C compiler default output file name
configure:1688: gcc    conftest.c  >&5
configure:1691: $? = 0
configure:1737: result: a.out
configure:1742: checking whether the C compiler works
configure:1748: ./a.out
configure:1751: $? = 0
configure:1768: result: yes
configure:1775: checking whether we are cross compiling
configure:1777: result: no
configure:1780: checking for suffix of executables
configure:1782: gcc -o conftest    conftest.c  >&5
configure:1785: $? = 0
configure:1810: result: 
configure:1816: checking for suffix of object files
configure:1837: gcc -c   conftest.c >&5
configure:1840: $? = 0
configure:1862: result: o
configure:1866: checking whether we are using the GNU C compiler
configure:1890: gcc -c   conftest.c >&5
configure:1896: $? = 0
configure:1900: test -z 
			 || test ! -s conftest.err
configure:1903: $? = 0
configure:1906: test -s conftest.o
configure:1909: $? = 0
configure:1922: result: yes
configure:1928: checking whether gcc accepts -g
configure:1949: gcc -c -g  conftest.c >&5
configure:1955: $? = 0
configure:1959: test -z 
			 || test ! -s conftest.err
configure:1962: $? = 0
configure:1965: test -s conftest.o
configure:1968: $? = 0
configure:1979: result: yes
configure:1996: checking for gcc option to accept ANSI C
configure:2066: gcc  -c -g -O2  conftest.c >&5
configure:2072: $? = 0
configure:2076: test -z 
			 || test ! -s conftest.err
configure:2079: $? = 0
configure:2082: test -s conftest.o
configure:2085: $? = 0
configure:2103: result: none needed
configure:2121: gcc -c -g -O2  conftest.c >&5
conftest.c:2: error: expected '=', ',', ';', 'asm' or '__attribute__' before 'me'
configure:2127: $? = 1
configure: failed program was:
| #ifndef __cplusplus
|   choke me
| #endif
configure:2299: checking for a BSD-compatible install
configure:2354: result: /usr/bin/install -c
configure:2376: checking build system type
configure:2394: result: x86_64-unknown-linux-gnu
configure:2402: checking host system type
configure:2416: result: x86_64-unknown-linux-gnu
configure:2424: checking target system type
configure:2438: result: x86_64-unknown-linux-gnu
configure:2487: checking for msvc cl.exe (optional)
configure:2502: result: not found
configure:2526: checking ocaml version is at least 3.08
configure:2543: result: version is 3.11.1+rc1, ok
configure:2552: WARNING: Your ocaml version is 3.11.1+rc1, but the latest version this program
                   is known to work with is 3.08.  If you have
                   trouble compiling, please try using an earlier version
                   or see if there is a later version of this program.
configure:2573: checking existence of related ocaml tools
configure:2579: result: ok
configure:2613: checking for Perl
configure:2672: result: found version 5.010000, port linux
configure:2745: checking if performance counters are usable
configure:2757: result: no (Reading of performance counters is supported only on Intel x86)
configure:2774: checking if /proc/cpuinfo has processor speed
configure:2780: result: got 2500.000 cycles per us
configure:2803: checking for gcc version
configure:2811: checking how to run the C preprocessor
configure:2846: gcc -E  conftest.c
configure:2852: $? = 0
configure:2884: gcc -E  conftest.c
conftest.c:9:28: error: ac_nonexistent.h: No such file or directory
configure:2890: $? = 1
configure: failed program was:
| /* confdefs.h.  */
| 
| #define PACKAGE_NAME ""
| #define PACKAGE_TARNAME ""
| #define PACKAGE_VERSION ""
| #define PACKAGE_STRING ""
| #define PACKAGE_BUGREPORT ""
| /* end confdefs.h.  */
| #include <ac_nonexistent.h>
configure:2929: result: gcc -E
configure:2953: gcc -E  conftest.c
configure:2959: $? = 0
configure:2991: gcc -E  conftest.c
conftest.c:9:28: error: ac_nonexistent.h: No such file or directory
configure:2997: $? = 1
configure: failed program was:
| /* confdefs.h.  */
| 
| #define PACKAGE_NAME ""
| #define PACKAGE_TARNAME ""
| #define PACKAGE_VERSION ""
| #define PACKAGE_STRING ""
| #define PACKAGE_BUGREPORT ""
| /* end confdefs.h.  */
| #include <ac_nonexistent.h>
configure:3041: checking for egrep
configure:3051: result: grep -E
configure:3056: checking for ANSI C header files
configure:3081: gcc -c -g -O2  conftest.c >&5
configure:3087: $? = 0
configure:3091: test -z 
			 || test ! -s conftest.err
configure:3094: $? = 0
configure:3097: test -s conftest.o
configure:3100: $? = 0
configure:3189: gcc -o conftest -g -O2   conftest.c  >&5
conftest.c: In function 'main':
conftest.c:26: warning: incompatible implicit declaration of built-in function 'exit'
configure:3192: $? = 0
configure:3194: ./conftest
configure:3197: $? = 0
configure:3212: result: yes
configure:3236: checking for sys/types.h
configure:3252: gcc -c -g -O2  conftest.c >&5
configure:3258: $? = 0
configure:3262: test -z 
			 || test ! -s conftest.err
configure:3265: $? = 0
configure:3268: test -s conftest.o
configure:3271: $? = 0
configure:3282: result: yes
configure:3236: checking for sys/stat.h
configure:3252: gcc -c -g -O2  conftest.c >&5
configure:3258: $? = 0
configure:3262: test -z 
			 || test ! -s conftest.err
configure:3265: $? = 0
configure:3268: test -s conftest.o
configure:3271: $? = 0
configure:3282: result: yes
configure:3236: checking for stdlib.h
configure:3252: gcc -c -g -O2  conftest.c >&5
configure:3258: $? = 0
configure:3262: test -z 
			 || test ! -s conftest.err
configure:3265: $? = 0
configure:3268: test -s conftest.o
configure:3271: $? = 0
configure:3282: result: yes
configure:3236: checking for string.h
configure:3252: gcc -c -g -O2  conftest.c >&5
configure:3258: $? = 0
configure:3262: test -z 
			 || test ! -s conftest.err
configure:3265: $? = 0
configure:3268: test -s conftest.o
configure:3271: $? = 0
configure:3282: result: yes
configure:3236: checking for memory.h
configure:3252: gcc -c -g -O2  conftest.c >&5
configure:3258: $? = 0
configure:3262: test -z 
			 || test ! -s conftest.err
configure:3265: $? = 0
configure:3268: test -s conftest.o
configure:3271: $? = 0
configure:3282: result: yes
configure:3236: checking for strings.h
configure:3252: gcc -c -g -O2  conftest.c >&5
configure:3258: $? = 0
configure:3262: test -z 
			 || test ! -s conftest.err
configure:3265: $? = 0
configure:3268: test -s conftest.o
configure:3271: $? = 0
configure:3282: result: yes
configure:3236: checking for inttypes.h
configure:3252: gcc -c -g -O2  conftest.c >&5
configure:3258: $? = 0
configure:3262: test -z 
			 || test ! -s conftest.err
configure:3265: $? = 0
configure:3268: test -s conftest.o
configure:3271: $? = 0
configure:3282: result: yes
configure:3236: checking for stdint.h
configure:3252: gcc -c -g -O2  conftest.c >&5
configure:3258: $? = 0
configure:3262: test -z 
			 || test ! -s conftest.err
configure:3265: $? = 0
configure:3268: test -s conftest.o
configure:3271: $? = 0
configure:3282: result: yes
configure:3236: checking for unistd.h
configure:3252: gcc -c -g -O2  conftest.c >&5
configure:3258: $? = 0
configure:3262: test -z 
			 || test ! -s conftest.err
configure:3265: $? = 0
configure:3268: test -s conftest.o
configure:3271: $? = 0
configure:3282: result: yes
configure:3294: checking for __builtin_va_list
configure:3318: gcc -c -g -O2  conftest.c >&5
configure:3324: $? = 0
configure:3328: test -z 
			 || test ! -s conftest.err
configure:3331: $? = 0
configure:3334: test -s conftest.o
configure:3337: $? = 0
configure:3348: result: yes
configure:3356: checking if __thread is a keyword
configure:3362: gcc -c -g -O2  conftest.c >&5
conftest.c:1: error: storage class specified for parameter 'type name'
conftest.c: In function 'main':
conftest.c:1: error: parameter name omitted
configure:3368: $? = 1
configure: failed program was:
| int main(int __thread) { return 0; }
configure:3391: result: true
configure:3396: checking if gcc adds underscores to assembly labels.
configure:3402: gcc -o conftest -g -O2   conftest.c  >&5
/tmp/cceljrUM.o: In function `main':
/home/machbuild/proj/github/junkcode/programming/insecure programming/SourceCodeAnalysisTools/cil/conftest.c:1: undefined reference to `_main'
collect2: ld returned 1 exit status
configure:3408: $? = 1
configure: failed program was:
| int main() { __asm__("jmp _main"); }
configure:3432: result: false
configure:3439: checking for ANSI C header files
configure:3595: result: yes
configure:3614: checking for stdlib.h
configure:3619: result: yes
configure:3614: checking for strings.h
configure:3619: result: yes
configure:3623: checking sys/time.h usability
configure:3635: gcc -c -g -O2  conftest.c >&5
configure:3641: $? = 0
configure:3645: test -z 
			 || test ! -s conftest.err
configure:3648: $? = 0
configure:3651: test -s conftest.o
configure:3654: $? = 0
configure:3664: result: yes
configure:3668: checking sys/time.h presence
configure:3678: gcc -E  conftest.c
configure:3684: $? = 0
configure:3704: result: yes
configure:3739: checking for sys/time.h
configure:3746: result: yes
configure:3614: checking for unistd.h
configure:3619: result: yes
configure:3623: checking wchar.h usability
configure:3635: gcc -c -g -O2  conftest.c >&5
configure:3641: $? = 0
configure:3645: test -z 
			 || test ! -s conftest.err
configure:3648: $? = 0
configure:3651: test -s conftest.o
configure:3654: $? = 0
configure:3664: result: yes
configure:3668: checking wchar.h presence
configure:3678: gcc -E  conftest.c
configure:3684: $? = 0
configure:3704: result: yes
configure:3739: checking for wchar.h
configure:3746: result: yes
configure:3761: checking for an ANSI C-conforming const
configure:3828: gcc -c -g -O2  conftest.c >&5
configure:3834: $? = 0
configure:3838: test -z 
			 || test ! -s conftest.err
configure:3841: $? = 0
configure:3844: test -s conftest.o
configure:3847: $? = 0
configure:3858: result: yes
configure:3868: checking for inline
configure:3889: gcc -c -g -O2  conftest.c >&5
configure:3895: $? = 0
configure:3899: test -z 
			 || test ! -s conftest.err
configure:3902: $? = 0
configure:3905: test -s conftest.o
configure:3908: $? = 0
configure:3920: result: inline
configure:3939: checking whether time.h and sys/time.h may both be included
configure:3964: gcc -c -g -O2  conftest.c >&5
configure:3970: $? = 0
configure:3974: test -z 
			 || test ! -s conftest.err
configure:3977: $? = 0
configure:3980: test -s conftest.o
configure:3983: $? = 0
configure:3994: result: yes
configure:4006: checking for working memcmp
configure:4054: gcc -o conftest -g -O2   conftest.c  >&5
configure:4057: $? = 0
configure:4059: ./conftest
configure:4062: $? = 0
configure:4076: result: yes
configure:4094: checking for mkdir
configure:4151: gcc -o conftest -g -O2   conftest.c  >&5
configure:4157: $? = 0
configure:4161: test -z 
			 || test ! -s conftest.err
configure:4164: $? = 0
configure:4167: test -s conftest
configure:4170: $? = 0
configure:4182: result: yes
configure:4094: checking for select
configure:4151: gcc -o conftest -g -O2   conftest.c  >&5
configure:4157: $? = 0
configure:4161: test -z 
			 || test ! -s conftest.err
configure:4164: $? = 0
configure:4167: test -s conftest
configure:4170: $? = 0
configure:4182: result: yes
configure:4094: checking for socket
configure:4151: gcc -o conftest -g -O2   conftest.c  >&5
configure:4157: $? = 0
configure:4161: test -z 
			 || test ! -s conftest.err
configure:4164: $? = 0
configure:4167: test -s conftest
configure:4170: $? = 0
configure:4182: result: yes
configure:4094: checking for __sysv_signal
configure:4151: gcc -o conftest -g -O2   conftest.c  >&5
configure:4157: $? = 0
configure:4161: test -z 
			 || test ! -s conftest.err
configure:4164: $? = 0
configure:4167: test -s conftest
configure:4170: $? = 0
configure:4182: result: yes
configure:4200: result: configuring for linux/x86
configure:4295: checking whether to use CIL feature blockinggraph
configure:4302: result: no
configure:4295: checking whether to use CIL feature rand
configure:4302: result: no
configure:4295: checking whether to use CIL feature arithabs
configure:4302: result: no
configure:4295: checking whether to use CIL feature smalloc
configure:4302: result: no
configure:4557: creating ./config.status

## ---------------------- ##
## Running config.status. ##
## ---------------------- ##

This file was extended by config.status, which was
generated by GNU Autoconf 2.59.  Invocation command line was

  CONFIG_FILES    = 
  CONFIG_HEADERS  = 
  CONFIG_LINKS    = 
  CONFIG_COMMANDS = 
  $ ./config.status 

on esil231.utenze.bankit.it

config.status:694: creating cil.spec
config.status:694: creating Makefile.cil
config.status:694: creating bin/cilly.bat
config.status:694: creating bin/patcher.bat
config.status:694: creating bin/CilConfig.pm
config.status:694: creating ocamlutil/perfcount.c
config.status:813: creating config.h
config.status:937: config.h is unchanged

## ---------------- ##
## Cache variables. ##
## ---------------- ##

ac_cv_build=x86_64-unknown-linux-gnu
ac_cv_build_alias=x86_64-unknown-linux-gnu
ac_cv_c_compiler_gnu=yes
ac_cv_c_const=yes
ac_cv_c_inline=inline
ac_cv_env_CC_set=
ac_cv_env_CC_value=
ac_cv_env_CFLAGS_set=
ac_cv_env_CFLAGS_value=
ac_cv_env_CPPFLAGS_set=
ac_cv_env_CPPFLAGS_value=
ac_cv_env_CPP_set=
ac_cv_env_CPP_value=
ac_cv_env_LDFLAGS_set=
ac_cv_env_LDFLAGS_value=
ac_cv_env_build_alias_set=
ac_cv_env_build_alias_value=
ac_cv_env_host_alias_set=
ac_cv_env_host_alias_value=
ac_cv_env_target_alias_set=
ac_cv_env_target_alias_value=
ac_cv_exeext=
ac_cv_func___sysv_signal=yes
ac_cv_func_memcmp_working=yes
ac_cv_func_mkdir=yes
ac_cv_func_select=yes
ac_cv_func_socket=yes
ac_cv_header_inttypes_h=yes
ac_cv_header_memory_h=yes
ac_cv_header_stdc=yes
ac_cv_header_stdint_h=yes
ac_cv_header_stdlib_h=yes
ac_cv_header_string_h=yes
ac_cv_header_strings_h=yes
ac_cv_header_sys_stat_h=yes
ac_cv_header_sys_time_h=yes
ac_cv_header_sys_types_h=yes
ac_cv_header_time=yes
ac_cv_header_unistd_h=yes
ac_cv_header_wchar_h=yes
ac_cv_host=x86_64-unknown-linux-gnu
ac_cv_host_alias=x86_64-unknown-linux-gnu
ac_cv_objext=o
ac_cv_path_install='/usr/bin/install -c'
ac_cv_prog_CPP='gcc -E'
ac_cv_prog_ac_ct_CC=gcc
ac_cv_prog_cc_g=yes
ac_cv_prog_cc_stdc=
ac_cv_prog_egrep='grep -E'
ac_cv_target=x86_64-unknown-linux-gnu
ac_cv_target_alias=x86_64-unknown-linux-gnu
ac_cv_type___builtin_va_list=yes

## ----------------- ##
## Output variables. ##
## ----------------- ##

'
ARCHOS='x86_LINUX'
CC='gcc'
CCUREDHOME='/home/machbuild/proj/github/junkcode/programming/insecure programming/SourceCodeAnalysisTools/cil'
CCURED_VERSION='1.3.2'
CCURED_VERSION_MAJOR='1'
CCURED_VERSION_MINOR='3'
CCURED_VERSION_REV='2'
CFLAGS='-g -O2'
CILHOME='/home/machbuild/proj/github/junkcode/programming/insecure programming/SourceCodeAnalysisTools/cil'
CIL_FEATURES_DEFINES=''
CIL_VERSION='1.3.2'
CIL_VERSION_MAJOR='1'
CIL_VERSION_MINOR='3'
CIL_VERSION_REV='2'
CPP='gcc -E'
CPPFLAGS=''
CYCLES_PER_USEC='2500.000'
DEFAULT_CIL_MODE='GNUCC'
DEFAULT_COMPILER='_GNUCC'
DEFS='-DHAVE_CONFIG_H'
ECHO_C=''
ECHO_N='-n'
ECHO_T=''
EGREP='grep -E'
EXEEXT=''
HAS_MSVC='no'
HAS_PERFCOUNT='1'
HAVE_BUILTIN_VA_LIST='true'
INSTALL_DATA='${INSTALL} -m 644'
INSTALL_PROGRAM='${INSTALL}'
INSTALL_SCRIPT='${INSTALL}'
LDFLAGS=''
LIBOBJS=''
LIBS=''
LTLIBOBJS=''
NEWLINE='\
OBJEXT='o'
PACKAGE_BUGREPORT=''
PACKAGE_NAME=''
PACKAGE_STRING=''
PACKAGE_TARNAME=''
PACKAGE_VERSION=''
PATH_SEPARATOR=':'
SHELL='/bin/sh'
THREAD_IS_KEYWORD='true'
UNDERSCORE_NAME='false'
ac_ct_CC='gcc'
bindir='${exec_prefix}/bin'
build='x86_64-unknown-linux-gnu'
build_alias=''
build_cpu='x86_64'
build_os='linux-gnu'
build_vendor='unknown'
datadir='${prefix}/share'
exec_prefix='${prefix}'
host='x86_64-unknown-linux-gnu'
host_alias=''
host_cpu='x86_64'
host_os='linux-gnu'
host_vendor='unknown'
includedir='${prefix}/include'
infodir='${prefix}/info'
libdir='${exec_prefix}/lib'
libexecdir='${exec_prefix}/libexec'
localstatedir='${prefix}/var'
mandir='${prefix}/man'
oldincludedir='/usr/include'
prefix='/usr/local'
program_transform_name='s,x,x,'
sbindir='${exec_prefix}/sbin'
sharedstatedir='${prefix}/com'
sysconfdir='${prefix}/etc'
target='x86_64-unknown-linux-gnu'
target_alias=''
target_cpu='x86_64'
target_os='linux-gnu'
target_vendor='unknown'

## ----------- ##
## confdefs.h. ##
## ----------- ##

#define HAVE_INTTYPES_H 1
#define HAVE_MEMORY_H 1
#define HAVE_MKDIR 1
#define HAVE_SELECT 1
#define HAVE_SOCKET 1
#define HAVE_STDINT_H 1
#define HAVE_STDLIB_H 1
#define HAVE_STDLIB_H 1
#define HAVE_STRINGS_H 1
#define HAVE_STRINGS_H 1
#define HAVE_STRING_H 1
#define HAVE_SYS_STAT_H 1
#define HAVE_SYS_TIME_H 1
#define HAVE_SYS_TYPES_H 1
#define HAVE_UNISTD_H 1
#define HAVE_UNISTD_H 1
#define HAVE_WCHAR_H 1
#define HAVE___SYSV_SIGNAL 1
#define PACKAGE_BUGREPORT ""
#define PACKAGE_NAME ""
#define PACKAGE_STRING ""
#define PACKAGE_TARNAME ""
#define PACKAGE_VERSION ""
#define STDC_HEADERS 1
#define STDC_HEADERS 1
#define TIME_WITH_SYS_TIME 1

configure: exit 0
