This file contains any messages produced by compilers while
running configure, to aid debugging if configure makes a mistake.

It was created by mymemcpy configure 1.1, which was
generated by GNU Autoconf 2.63.  Invocation command line was

  $ ./configure 

## --------- ##
## Platform. ##
## --------- ##

hostname = esil231.utenze.bankit.it
uname -m = x86_64
uname -r = 2.6.32.23-170.fc12.x86_64
uname -s = Linux
uname -v = #1 SMP Mon Sep 27 17:23:59 UTC 2010

/usr/bin/uname -p = unknown
/bin/uname -X     = unknown

/bin/arch              = x86_64
/usr/bin/arch -k       = unknown
/usr/convex/getsysinfo = unknown
/usr/bin/hostinfo      = unknown
/bin/machine           = unknown
/usr/bin/oslevel       = unknown
/bin/universe          = unknown

PATH: /usr/lib64/qt-3.3/bin
PATH: /usr/kerberos/sbin
PATH: /usr/kerberos/bin
PATH: /usr/lib64/ccache
PATH: /usr/local/bin
PATH: /bin
PATH: /usr/bin
PATH: /usr/local/sbin
PATH: /usr/sbin
PATH: /sbin
PATH: /sbin
PATH: /usr/sbin
PATH: /home/machbuild/bin
PATH: /home/machbuild/rpmtools
PATH: /usr/kerberos/sbin


## ----------- ##
## Core tests. ##
## ----------- ##

configure:1943: checking for a BSD-compatible install
configure:2011: result: /usr/bin/install -c
configure:2022: checking whether build environment is sane
configure:2082: result: yes
configure:2223: checking for a thread-safe mkdir -p
configure:2262: result: /bin/mkdir -p
configure:2275: checking for gawk
configure:2291: found /bin/gawk
configure:2302: result: gawk
configure:2313: checking whether make sets $(MAKE)
configure:2335: result: yes
configure:2467: checking for gcc
configure:2483: found /usr/lib64/ccache/gcc
configure:2494: result: gcc
configure:2726: checking for C compiler version
configure:2734: gcc --version >&5
gcc (GCC) 4.5.1 20100924 (Red Hat 4.5.1-4)
Copyright (C) 2010 Free Software Foundation, Inc.
This is free software; see the source for copying conditions.  There is NO
warranty; not even for MERCHANTABILITY or FITNESS FOR A PARTICULAR PURPOSE.

configure:2738: $? = 0
configure:2745: gcc -v >&5
Using built-in specs.
COLLECT_GCC=/usr/bin/gcc
COLLECT_LTO_WRAPPER=/usr/libexec/gcc/x86_64-redhat-linux/4.5.1/lto-wrapper
Target: x86_64-redhat-linux
Configured with: ../configure --prefix=/usr --mandir=/usr/share/man --infodir=/usr/share/info --with-bugurl=http://bugzilla.redhat.com/bugzilla --enable-bootstrap --enable-shared --enable-threads=posix --enable-checking=release --with-system-zlib --enable-__cxa_atexit --disable-libunwind-exceptions --enable-gnu-unique-object --enable-linker-build-id --enable-languages=c,c++,objc,obj-c++,java,fortran,ada,lto --enable-plugin --enable-java-awt=gtk --disable-dssi --with-java-home=/usr/lib/jvm/java-1.5.0-gcj-1.5.0.0/jre --enable-libgcj-multifile --enable-java-maintainer-mode --with-ecj-jar=/usr/share/java/eclipse-ecj.jar --disable-libjava-multilib --with-ppl --with-cloog --with-tune=generic --with-arch_32=i686 --build=x86_64-redhat-linux
Thread model: posix
gcc version 4.5.1 20100924 (Red Hat 4.5.1-4) (GCC) 
configure:2749: $? = 0
configure:2756: gcc -V >&5
gcc: '-V' option must have argument
configure:2760: $? = 1
configure:2783: checking for C compiler default output file name
configure:2805: gcc    conftest.c  >&5
configure:2809: $? = 0
configure:2847: result: a.out
configure:2866: checking whether the C compiler works
configure:2876: ./a.out
configure:2880: $? = 0
configure:2899: result: yes
configure:2906: checking whether we are cross compiling
configure:2908: result: no
configure:2911: checking for suffix of executables
configure:2918: gcc -o conftest    conftest.c  >&5
configure:2922: $? = 0
configure:2948: result: 
configure:2954: checking for suffix of object files
configure:2980: gcc -c   conftest.c >&5
configure:2984: $? = 0
configure:3009: result: o
configure:3013: checking whether we are using the GNU C compiler
configure:3042: gcc -c   conftest.c >&5
configure:3049: $? = 0
configure:3066: result: yes
configure:3075: checking whether gcc accepts -g
configure:3105: gcc -c -g  conftest.c >&5
configure:3112: $? = 0
configure:3213: result: yes
configure:3230: checking for gcc option to accept ISO C89
configure:3304: gcc  -c -g -O2  conftest.c >&5
configure:3311: $? = 0
configure:3334: result: none needed
configure:3363: checking for style of include used by make
configure:3391: result: GNU
configure:3416: checking dependency style of gcc
configure:3526: result: gcc3
configure:3603: checking build system type
configure:3621: result: x86_64-unknown-linux-gnu
configure:3643: checking host system type
configure:3658: result: x86_64-unknown-linux-gnu
configure:3701: checking how to print strings
configure:3728: result: printf
configure:3749: checking for a sed that does not truncate output
configure:3815: result: /bin/sed
configure:3833: checking for grep that handles long lines and -e
configure:3893: result: /bin/grep
configure:3898: checking for egrep
configure:3962: result: /bin/grep -E
configure:3967: checking for fgrep
configure:4031: result: /bin/grep -F
configure:4066: checking for ld used by gcc
configure:4133: result: /usr/bin/ld
configure:4142: checking if the linker (/usr/bin/ld) is GNU ld
configure:4157: result: yes
configure:4169: checking for BSD- or MS-compatible name lister (nm)
configure:4218: result: /usr/bin/nm -B
configure:4348: checking the name lister (/usr/bin/nm -B) interface
configure:4355: gcc -c -g -O2  conftest.c >&5
configure:4358: /usr/bin/nm -B "conftest.o"
configure:4361: output
0000000000000000 B some_variable
configure:4368: result: BSD nm
configure:4371: checking whether ln -s works
configure:4375: result: yes
configure:4383: checking the maximum length of command line arguments
configure:4508: result: 1966080
configure:4525: checking whether the shell understands some XSI constructs
configure:4535: result: yes
configure:4539: checking whether the shell understands "+="
configure:4545: result: yes
configure:4580: checking for /usr/bin/ld option to reload object files
configure:4587: result: -r
configure:4656: checking for objdump
configure:4672: found /usr/bin/objdump
configure:4683: result: objdump
configure:4715: checking how to recognize dependent libraries
configure:4917: result: pass_all
configure:4977: checking for ar
configure:4993: found /usr/bin/ar
configure:5004: result: ar
configure:5082: checking for strip
configure:5098: found /usr/bin/strip
configure:5109: result: strip
configure:5181: checking for ranlib
configure:5197: found /usr/bin/ranlib
configure:5208: result: ranlib
configure:5310: checking command to parse /usr/bin/nm -B output from gcc object
configure:5428: gcc -c -g -O2  conftest.c >&5
configure:5431: $? = 0
configure:5435: /usr/bin/nm -B conftest.o \| sed -n -e 's/^.*[ ]\([ABCDGIRSTW][ABCDGIRSTW]*\)[ ][ ]*\([_A-Za-z][_A-Za-z0-9]*\)$/\1 \2 \2/p' \> conftest.nm
configure:5438: $? = 0
configure:5492: gcc -o conftest -g -O2   conftest.c conftstm.o >&5
configure:5495: $? = 0
configure:5533: result: ok
configure:5629: gcc -c -g -O2  conftest.c >&5
configure:5632: $? = 0
configure:6432: checking how to run the C preprocessor
configure:6472: gcc -E  conftest.c
configure:6479: $? = 0
configure:6510: gcc -E  conftest.c
conftest.c:10:28: fatal error: ac_nonexistent.h: No such file or directory
compilation terminated.
configure:6517: $? = 1
configure: failed program was:
| /* confdefs.h.  */
| #define PACKAGE_NAME "mymemcpy"
| #define PACKAGE_TARNAME "mymemcpy"
| #define PACKAGE_VERSION "1.1"
| #define PACKAGE_STRING "mymemcpy 1.1"
| #define PACKAGE_BUGREPORT "https://bugzilla.redhat.com/show_bug.cgi?id=638477"
| #define PACKAGE "mymemcpy"
| #define VERSION "1.1"
| /* end confdefs.h.  */
| #include <ac_nonexistent.h>
configure:6550: result: gcc -E
configure:6579: gcc -E  conftest.c
configure:6586: $? = 0
configure:6617: gcc -E  conftest.c
conftest.c:10:28: fatal error: ac_nonexistent.h: No such file or directory
compilation terminated.
configure:6624: $? = 1
configure: failed program was:
| /* confdefs.h.  */
| #define PACKAGE_NAME "mymemcpy"
| #define PACKAGE_TARNAME "mymemcpy"
| #define PACKAGE_VERSION "1.1"
| #define PACKAGE_STRING "mymemcpy 1.1"
| #define PACKAGE_BUGREPORT "https://bugzilla.redhat.com/show_bug.cgi?id=638477"
| #define PACKAGE "mymemcpy"
| #define VERSION "1.1"
| /* end confdefs.h.  */
| #include <ac_nonexistent.h>
configure:6664: checking for ANSI C header files
configure:6694: gcc -c -g -O2  conftest.c >&5
configure:6701: $? = 0
configure:6800: gcc -o conftest -g -O2   conftest.c  >&5
configure:6804: $? = 0
configure:6810: ./conftest
configure:6814: $? = 0
configure:6832: result: yes
configure:6856: checking for sys/types.h
configure:6877: gcc -c -g -O2  conftest.c >&5
configure:6884: $? = 0
configure:6901: result: yes
configure:6856: checking for sys/stat.h
configure:6877: gcc -c -g -O2  conftest.c >&5
configure:6884: $? = 0
configure:6901: result: yes
configure:6856: checking for stdlib.h
configure:6877: gcc -c -g -O2  conftest.c >&5
configure:6884: $? = 0
configure:6901: result: yes
configure:6856: checking for string.h
configure:6877: gcc -c -g -O2  conftest.c >&5
configure:6884: $? = 0
configure:6901: result: yes
configure:6856: checking for memory.h
configure:6877: gcc -c -g -O2  conftest.c >&5
configure:6884: $? = 0
configure:6901: result: yes
configure:6856: checking for strings.h
configure:6877: gcc -c -g -O2  conftest.c >&5
configure:6884: $? = 0
configure:6901: result: yes
configure:6856: checking for inttypes.h
configure:6877: gcc -c -g -O2  conftest.c >&5
configure:6884: $? = 0
configure:6901: result: yes
configure:6856: checking for stdint.h
configure:6877: gcc -c -g -O2  conftest.c >&5
configure:6884: $? = 0
configure:6901: result: yes
configure:6856: checking for unistd.h
configure:6877: gcc -c -g -O2  conftest.c >&5
configure:6884: $? = 0
configure:6901: result: yes
configure:6919: checking for dlfcn.h
configure:6940: gcc -c -g -O2  conftest.c >&5
configure:6947: $? = 0
configure:6964: result: yes
configure:7123: checking for objdir
configure:7138: result: .libs
configure:7409: checking if gcc supports -fno-rtti -fno-exceptions
configure:7427: gcc -c -g -O2  -fno-rtti -fno-exceptions conftest.c >&5
cc1: warning: command line option "-fno-rtti" is valid for C++/ObjC++ but not for C
cc1: warning: command line option "-fno-rtti" is valid for C++/ObjC++ but not for C
configure:7431: $? = 0
configure:7444: result: no
configure:7464: checking for gcc option to produce PIC
configure:7749: result: -fPIC -DPIC
configure:7761: checking if gcc PIC flag -fPIC -DPIC works
configure:7779: gcc -c -g -O2  -fPIC -DPIC -DPIC conftest.c >&5
configure:7783: $? = 0
configure:7796: result: yes
configure:7820: checking if gcc static flag -static works
configure:7848: result: yes
configure:7863: checking if gcc supports -c -o file.o
configure:7884: gcc -c -g -O2  -o out/conftest2.o conftest.c >&5
configure:7888: $? = 0
configure:7910: result: yes
configure:7918: checking if gcc supports -c -o file.o
configure:7965: result: yes
configure:7998: checking whether the gcc linker (/usr/bin/ld -m elf_x86_64) supports shared libraries
configure:9161: result: yes
configure:9198: checking whether -lc should be explicitly linked in
configure:9206: gcc -c -g -O2  conftest.c >&5
configure:9209: $? = 0
configure:9224: gcc -shared conftest.o  -v -Wl,-soname -Wl,conftest -o conftest 2\>\&1 \| /bin/grep  -lc  \>/dev/null 2\>\&1
configure:9227: $? = 0
configure:9241: result: no
configure:9406: checking dynamic linker characteristics
configure:9871: gcc -o conftest -g -O2   -Wl,-rpath -Wl,/foo conftest.c  >&5
configure:9878: $? = 0
configure:10119: result: GNU/Linux ld.so
configure:10226: checking how to hardcode library paths into programs
configure:10251: result: immediate
configure:11104: checking whether stripping libraries is possible
configure:11109: result: yes
configure:11144: checking if libtool supports shared libraries
configure:11146: result: yes
configure:11149: checking whether to build shared libraries
configure:11170: result: yes
configure:11173: checking whether to build static libraries
configure:11177: result: no
configure:11219: checking for size_t
configure:11247: gcc -c -g -O2  conftest.c >&5
configure:11254: $? = 0
configure:11281: gcc -c -g -O2  conftest.c >&5
conftest.c: In function 'main':
conftest.c:58:21: error: expected expression before ')' token
configure:11288: $? = 1
configure: failed program was:
| /* confdefs.h.  */
| #define PACKAGE_NAME "mymemcpy"
| #define PACKAGE_TARNAME "mymemcpy"
| #define PACKAGE_VERSION "1.1"
| #define PACKAGE_STRING "mymemcpy 1.1"
| #define PACKAGE_BUGREPORT "https://bugzilla.redhat.com/show_bug.cgi?id=638477"
| #define PACKAGE "mymemcpy"
| #define VERSION "1.1"
| #define STDC_HEADERS 1
| #define HAVE_SYS_TYPES_H 1
| #define HAVE_SYS_STAT_H 1
| #define HAVE_STDLIB_H 1
| #define HAVE_STRING_H 1
| #define HAVE_MEMORY_H 1
| #define HAVE_STRINGS_H 1
| #define HAVE_INTTYPES_H 1
| #define HAVE_STDINT_H 1
| #define HAVE_UNISTD_H 1
| #define HAVE_DLFCN_H 1
| #define LT_OBJDIR ".libs/"
| /* end confdefs.h.  */
| #include <stdio.h>
| #ifdef HAVE_SYS_TYPES_H
| # include <sys/types.h>
| #endif
| #ifdef HAVE_SYS_STAT_H
| # include <sys/stat.h>
| #endif
| #ifdef STDC_HEADERS
| # include <stdlib.h>
| # include <stddef.h>
| #else
| # ifdef HAVE_STDLIB_H
| #  include <stdlib.h>
| # endif
| #endif
| #ifdef HAVE_STRING_H
| # if !defined STDC_HEADERS && defined HAVE_MEMORY_H
| #  include <memory.h>
| # endif
| # include <string.h>
| #endif
| #ifdef HAVE_STRINGS_H
| # include <strings.h>
| #endif
| #ifdef HAVE_INTTYPES_H
| # include <inttypes.h>
| #endif
| #ifdef HAVE_STDINT_H
| # include <stdint.h>
| #endif
| #ifdef HAVE_UNISTD_H
| # include <unistd.h>
| #endif
| int
| main ()
| {
| if (sizeof ((size_t)))
| 	  return 0;
|   ;
|   return 0;
| }
configure:11311: result: yes
configure:11452: creating ./config.status

## ---------------------- ##
## Running config.status. ##
## ---------------------- ##

This file was extended by mymemcpy config.status 1.1, which was
generated by GNU Autoconf 2.63.  Invocation command line was

  CONFIG_FILES    = 
  CONFIG_HEADERS  = 
  CONFIG_LINKS    = 
  CONFIG_COMMANDS = 
  $ ./config.status 

on esil231.utenze.bankit.it

config.status:986: creating Makefile
config.status:986: creating config.h
config.status:1208: config.h is unchanged
config.status:1260: executing depfiles commands
config.status:1260: executing libtool commands

## ---------------- ##
## Cache variables. ##
## ---------------- ##

ac_cv_build=x86_64-unknown-linux-gnu
ac_cv_c_compiler_gnu=yes
ac_cv_env_CC_set=
ac_cv_env_CC_value=
ac_cv_env_CFLAGS_set=
ac_cv_env_CFLAGS_value=
ac_cv_env_CPPFLAGS_set=
ac_cv_env_CPPFLAGS_value=
ac_cv_env_CPP_set=
ac_cv_env_CPP_value=
ac_cv_env_LDFLAGS_set=
ac_cv_env_LDFLAGS_value=
ac_cv_env_LIBS_set=
ac_cv_env_LIBS_value=
ac_cv_env_build_alias_set=
ac_cv_env_build_alias_value=
ac_cv_env_host_alias_set=
ac_cv_env_host_alias_value=
ac_cv_env_target_alias_set=
ac_cv_env_target_alias_value=
ac_cv_header_dlfcn_h=yes
ac_cv_header_inttypes_h=yes
ac_cv_header_memory_h=yes
ac_cv_header_stdc=yes
ac_cv_header_stdint_h=yes
ac_cv_header_stdlib_h=yes
ac_cv_header_string_h=yes
ac_cv_header_strings_h=yes
ac_cv_header_sys_stat_h=yes
ac_cv_header_sys_types_h=yes
ac_cv_header_unistd_h=yes
ac_cv_host=x86_64-unknown-linux-gnu
ac_cv_objext=o
ac_cv_path_EGREP='/bin/grep -E'
ac_cv_path_FGREP='/bin/grep -F'
ac_cv_path_GREP=/bin/grep
ac_cv_path_SED=/bin/sed
ac_cv_path_install='/usr/bin/install -c'
ac_cv_path_mkdir=/bin/mkdir
ac_cv_prog_AWK=gawk
ac_cv_prog_CPP='gcc -E'
ac_cv_prog_ac_ct_AR=ar
ac_cv_prog_ac_ct_CC=gcc
ac_cv_prog_ac_ct_OBJDUMP=objdump
ac_cv_prog_ac_ct_RANLIB=ranlib
ac_cv_prog_ac_ct_STRIP=strip
ac_cv_prog_cc_c89=
ac_cv_prog_cc_g=yes
ac_cv_prog_make_make_set=yes
ac_cv_type_size_t=yes
am_cv_CC_dependencies_compiler_type=gcc3
lt_cv_archive_cmds_need_lc=no
lt_cv_deplibs_check_method=pass_all
lt_cv_file_magic_cmd='$MAGIC_CMD'
lt_cv_file_magic_test_file=
lt_cv_ld_reload_flag=-r
lt_cv_nm_interface='BSD nm'
lt_cv_objdir=.libs
lt_cv_path_LD=/usr/bin/ld
lt_cv_path_NM='/usr/bin/nm -B'
lt_cv_prog_compiler_c_o=yes
lt_cv_prog_compiler_pic_works=yes
lt_cv_prog_compiler_rtti_exceptions=no
lt_cv_prog_compiler_static_works=yes
lt_cv_prog_gnu_ld=yes
lt_cv_shlibpath_overrides_runpath=no
lt_cv_sys_global_symbol_pipe='sed -n -e '\''s/^.*[	 ]\([ABCDGIRSTW][ABCDGIRSTW]*\)[	 ][	 ]*\([_A-Za-z][_A-Za-z0-9]*\)$/\1 \2 \2/p'\'''
lt_cv_sys_global_symbol_to_c_name_address='sed -n -e '\''s/^: \([^ ]*\) $/  {\"\1\", (void *) 0},/p'\'' -e '\''s/^[ABCDGIRSTW]* \([^ ]*\) \([^ ]*\)$/  {"\2", (void *) \&\2},/p'\'''
lt_cv_sys_global_symbol_to_c_name_address_lib_prefix='sed -n -e '\''s/^: \([^ ]*\) $/  {\"\1\", (void *) 0},/p'\'' -e '\''s/^[ABCDGIRSTW]* \([^ ]*\) \(lib[^ ]*\)$/  {"\2", (void *) \&\2},/p'\'' -e '\''s/^[ABCDGIRSTW]* \([^ ]*\) \([^ ]*\)$/  {"lib\2", (void *) \&\2},/p'\'''
lt_cv_sys_global_symbol_to_cdecl='sed -n -e '\''s/^T .* \(.*\)$/extern int \1();/p'\'' -e '\''s/^[ABCDGIRSTW]* .* \(.*\)$/extern char \1;/p'\'''
lt_cv_sys_max_cmd_len=1966080

## ----------------- ##
## Output variables. ##
## ----------------- ##

ACLOCAL='${SHELL} /home/machbuild/proj/github/junkcode/linux/mymemcpy/build-aux/missing --run aclocal-1.11'
AMDEPBACKSLASH='\'
AMDEP_FALSE='#'
AMDEP_TRUE=''
AMTAR='${SHELL} /home/machbuild/proj/github/junkcode/linux/mymemcpy/build-aux/missing --run tar'
AR='ar'
AUTOCONF='${SHELL} /home/machbuild/proj/github/junkcode/linux/mymemcpy/build-aux/missing --run autoconf'
AUTOHEADER='${SHELL} /home/machbuild/proj/github/junkcode/linux/mymemcpy/build-aux/missing --run autoheader'
AUTOMAKE='${SHELL} /home/machbuild/proj/github/junkcode/linux/mymemcpy/build-aux/missing --run automake-1.11'
AWK='gawk'
CC='gcc'
CCDEPMODE='depmode=gcc3'
CFLAGS='-g -O2'
CPP='gcc -E'
CPPFLAGS=''
CYGPATH_W='echo'
DEFS='-DHAVE_CONFIG_H'
DEPDIR='.deps'
DSYMUTIL=''
DUMPBIN=''
ECHO_C=''
ECHO_N='-n'
ECHO_T=''
EGREP='/bin/grep -E'
EXEEXT=''
FGREP='/bin/grep -F'
GREP='/bin/grep'
INSTALL_DATA='${INSTALL} -m 644'
INSTALL_PROGRAM='${INSTALL}'
INSTALL_SCRIPT='${INSTALL}'
INSTALL_STRIP_PROGRAM='$(install_sh) -c -s'
LD='/usr/bin/ld -m elf_x86_64'
LDFLAGS=''
LIBOBJS=''
LIBS=''
LIBTOOL='$(SHELL) $(top_builddir)/libtool'
LIPO=''
LN_S='ln -s'
LTLIBOBJS=''
MAKEINFO='${SHELL} /home/machbuild/proj/github/junkcode/linux/mymemcpy/build-aux/missing --run makeinfo'
MKDIR_P='/bin/mkdir -p'
NM='/usr/bin/nm -B'
NMEDIT=''
OBJDUMP='objdump'
OBJEXT='o'
OTOOL64=''
OTOOL=''
PACKAGE='mymemcpy'
PACKAGE_BUGREPORT='https://bugzilla.redhat.com/show_bug.cgi?id=638477'
PACKAGE_NAME='mymemcpy'
PACKAGE_STRING='mymemcpy 1.1'
PACKAGE_TARNAME='mymemcpy'
PACKAGE_VERSION='1.1'
PATH_SEPARATOR=':'
RANLIB='ranlib'
SED='/bin/sed'
SET_MAKE=''
SHELL='/bin/sh'
STRIP='strip'
VERSION='1.1'
ac_ct_CC='gcc'
ac_ct_DUMPBIN=''
am__EXEEXT_FALSE=''
am__EXEEXT_TRUE='#'
am__fastdepCC_FALSE='#'
am__fastdepCC_TRUE=''
am__include='include'
am__isrc=''
am__leading_dot='.'
am__quote=''
am__tar='${AMTAR} chof - "$$tardir"'
am__untar='${AMTAR} xf -'
bindir='${exec_prefix}/bin'
build='x86_64-unknown-linux-gnu'
build_alias=''
build_cpu='x86_64'
build_os='linux-gnu'
build_vendor='unknown'
datadir='${datarootdir}'
datarootdir='${prefix}/share'
docdir='${datarootdir}/doc/${PACKAGE_TARNAME}'
dvidir='${docdir}'
exec_prefix='${prefix}'
host='x86_64-unknown-linux-gnu'
host_alias=''
host_cpu='x86_64'
host_os='linux-gnu'
host_vendor='unknown'
htmldir='${docdir}'
includedir='${prefix}/include'
infodir='${datarootdir}/info'
install_sh='${SHELL} /home/machbuild/proj/github/junkcode/linux/mymemcpy/build-aux/install-sh'
libdir='${exec_prefix}/lib'
libexecdir='${exec_prefix}/libexec'
localedir='${datarootdir}/locale'
localstatedir='${prefix}/var'
mandir='${datarootdir}/man'
mkdir_p='/bin/mkdir -p'
oldincludedir='/usr/include'
pdfdir='${docdir}'
prefix='/usr/local'
program_transform_name='s,x,x,'
psdir='${docdir}'
sbindir='${exec_prefix}/sbin'
sharedstatedir='${prefix}/com'
sysconfdir='${prefix}/etc'
target_alias=''

## ----------- ##
## confdefs.h. ##
## ----------- ##

#define PACKAGE_NAME "mymemcpy"
#define PACKAGE_TARNAME "mymemcpy"
#define PACKAGE_VERSION "1.1"
#define PACKAGE_STRING "mymemcpy 1.1"
#define PACKAGE_BUGREPORT "https://bugzilla.redhat.com/show_bug.cgi?id=638477"
#define PACKAGE "mymemcpy"
#define VERSION "1.1"
#define STDC_HEADERS 1
#define HAVE_SYS_TYPES_H 1
#define HAVE_SYS_STAT_H 1
#define HAVE_STDLIB_H 1
#define HAVE_STRING_H 1
#define HAVE_MEMORY_H 1
#define HAVE_STRINGS_H 1
#define HAVE_INTTYPES_H 1
#define HAVE_STDINT_H 1
#define HAVE_UNISTD_H 1
#define HAVE_DLFCN_H 1
#define LT_OBJDIR ".libs/"

configure: exit 0
